{"/home/kvartzweiss/Documents/3_5_Summer/GoPeer_Task/back/app.js": {"path":"/home/kvartzweiss/Documents/3_5_Summer/GoPeer_Task/back/app.js","statementMap":{"0":{"start":{"line":1,"column":15},"end":{"line":1,"column":40}},"1":{"start":{"line":2,"column":16},"end":{"line":2,"column":34}},"2":{"start":{"line":3,"column":0},"end":{"line":3,"column":31}},"3":{"start":{"line":4,"column":12},"end":{"line":4,"column":21}},"4":{"start":{"line":5,"column":20},"end":{"line":5,"column":50}},"5":{"start":{"line":6,"column":20},"end":{"line":6,"column":50}},"6":{"start":{"line":7,"column":19},"end":{"line":7,"column":49}},"7":{"start":{"line":8,"column":15},"end":{"line":8,"column":40}},"8":{"start":{"line":9,"column":19},"end":{"line":9,"column":48}},"9":{"start":{"line":10,"column":17},"end":{"line":10,"column":36}},"10":{"start":{"line":18,"column":0},"end":{"line":18,"column":48}},"11":{"start":{"line":20,"column":0},"end":{"line":26,"column":4}},"12":{"start":{"line":22,"column":4},"end":{"line":22,"column":39}},"13":{"start":{"line":25,"column":4},"end":{"line":25,"column":63}},"14":{"start":{"line":28,"column":0},"end":{"line":28,"column":23}},"15":{"start":{"line":29,"column":0},"end":{"line":29,"column":33}},"16":{"start":{"line":31,"column":0},"end":{"line":31,"column":34}},"17":{"start":{"line":32,"column":0},"end":{"line":32,"column":34}},"18":{"start":{"line":33,"column":0},"end":{"line":33,"column":29}},"19":{"start":{"line":36,"column":0},"end":{"line":36,"column":35}},"20":{"start":{"line":37,"column":0},"end":{"line":37,"column":32}},"21":{"start":{"line":39,"column":0},"end":{"line":39,"column":20}}},"fnMap":{"0":{"name":"(anonymous_0)","decl":{"start":{"line":21,"column":8},"end":{"line":21,"column":9}},"loc":{"start":{"line":21,"column":14},"end":{"line":23,"column":3}},"line":21},"1":{"name":"(anonymous_1)","decl":{"start":{"line":24,"column":9},"end":{"line":24,"column":10}},"loc":{"start":{"line":24,"column":20},"end":{"line":26,"column":3}},"line":24}},"branchMap":{},"s":{"0":1,"1":1,"2":1,"3":1,"4":1,"5":1,"6":1,"7":1,"8":1,"9":1,"10":1,"11":1,"12":1,"13":0,"14":1,"15":1,"16":1,"17":1,"18":1,"19":1,"20":1,"21":1},"f":{"0":1,"1":0},"b":{},"_coverageSchema":"1a1c01bbd47fc00a2c39e90264f33305004495a9","hash":"f7eae881620827b95a871373b452e0d0b4a32e09"}
,"/home/kvartzweiss/Documents/3_5_Summer/GoPeer_Task/back/controllers/links.js": {"path":"/home/kvartzweiss/Documents/3_5_Summer/GoPeer_Task/back/controllers/links.js","statementMap":{"0":{"start":{"line":1,"column":20},"end":{"line":1,"column":47}},"1":{"start":{"line":2,"column":21},"end":{"line":2,"column":56}},"2":{"start":{"line":3,"column":28},"end":{"line":3,"column":70}},"3":{"start":{"line":5,"column":0},"end":{"line":8,"column":2}},"4":{"start":{"line":6,"column":20},"end":{"line":6,"column":73}},"5":{"start":{"line":7,"column":2},"end":{"line":7,"column":57}},"6":{"start":{"line":10,"column":0},"end":{"line":12,"column":2}},"7":{"start":{"line":11,"column":2},"end":{"line":11,"column":51}},"8":{"start":{"line":14,"column":0},"end":{"line":17,"column":2}},"9":{"start":{"line":15,"column":22},"end":{"line":15,"column":60}},"10":{"start":{"line":16,"column":2},"end":{"line":16,"column":59}},"11":{"start":{"line":19,"column":0},"end":{"line":22,"column":2}},"12":{"start":{"line":20,"column":22},"end":{"line":20,"column":60}},"13":{"start":{"line":21,"column":2},"end":{"line":21,"column":59}},"14":{"start":{"line":24,"column":0},"end":{"line":24,"column":28}}},"fnMap":{"0":{"name":"(anonymous_0)","decl":{"start":{"line":5,"column":21},"end":{"line":5,"column":22}},"loc":{"start":{"line":5,"column":50},"end":{"line":8,"column":1}},"line":5},"1":{"name":"(anonymous_1)","decl":{"start":{"line":10,"column":24},"end":{"line":10,"column":25}},"loc":{"start":{"line":10,"column":53},"end":{"line":12,"column":1}},"line":10},"2":{"name":"(anonymous_2)","decl":{"start":{"line":14,"column":22},"end":{"line":14,"column":23}},"loc":{"start":{"line":14,"column":51},"end":{"line":17,"column":1}},"line":14},"3":{"name":"(anonymous_3)","decl":{"start":{"line":19,"column":27},"end":{"line":19,"column":28}},"loc":{"start":{"line":19,"column":56},"end":{"line":22,"column":1}},"line":19}},"branchMap":{},"s":{"0":1,"1":1,"2":1,"3":1,"4":0,"5":0,"6":1,"7":0,"8":1,"9":0,"10":0,"11":1,"12":0,"13":0,"14":1},"f":{"0":0,"1":0,"2":0,"3":0},"b":{},"_coverageSchema":"1a1c01bbd47fc00a2c39e90264f33305004495a9","hash":"731a1ffa23860d80d7df1a98f0c335e55da00a2d"}
,"/home/kvartzweiss/Documents/3_5_Summer/GoPeer_Task/back/controllers/login.js": {"path":"/home/kvartzweiss/Documents/3_5_Summer/GoPeer_Task/back/controllers/login.js","statementMap":{"0":{"start":{"line":1,"column":20},"end":{"line":1,"column":47}},"1":{"start":{"line":2,"column":21},"end":{"line":2,"column":56}},"2":{"start":{"line":3,"column":28},"end":{"line":3,"column":70}},"3":{"start":{"line":5,"column":0},"end":{"line":8,"column":2}},"4":{"start":{"line":6,"column":14},"end":{"line":6,"column":47}},"5":{"start":{"line":7,"column":2},"end":{"line":7,"column":51}},"6":{"start":{"line":10,"column":0},"end":{"line":10,"column":28}}},"fnMap":{"0":{"name":"(anonymous_0)","decl":{"start":{"line":5,"column":22},"end":{"line":5,"column":23}},"loc":{"start":{"line":5,"column":51},"end":{"line":8,"column":1}},"line":5}},"branchMap":{},"s":{"0":1,"1":1,"2":1,"3":1,"4":2,"5":2,"6":1},"f":{"0":2},"b":{},"_coverageSchema":"1a1c01bbd47fc00a2c39e90264f33305004495a9","hash":"300cb8b6b75d80ff52df276b53024e997248b932"}
,"/home/kvartzweiss/Documents/3_5_Summer/GoPeer_Task/back/controllers/users.js": {"path":"/home/kvartzweiss/Documents/3_5_Summer/GoPeer_Task/back/controllers/users.js","statementMap":{"0":{"start":{"line":1,"column":20},"end":{"line":1,"column":47}},"1":{"start":{"line":2,"column":21},"end":{"line":2,"column":56}},"2":{"start":{"line":3,"column":28},"end":{"line":3,"column":70}},"3":{"start":{"line":5,"column":0},"end":{"line":7,"column":2}},"4":{"start":{"line":6,"column":2},"end":{"line":6,"column":49}},"5":{"start":{"line":9,"column":0},"end":{"line":12,"column":2}},"6":{"start":{"line":10,"column":20},"end":{"line":10,"column":55}},"7":{"start":{"line":11,"column":2},"end":{"line":11,"column":57}},"8":{"start":{"line":14,"column":0},"end":{"line":14,"column":28}}},"fnMap":{"0":{"name":"(anonymous_0)","decl":{"start":{"line":5,"column":21},"end":{"line":5,"column":22}},"loc":{"start":{"line":5,"column":50},"end":{"line":7,"column":1}},"line":5},"1":{"name":"(anonymous_1)","decl":{"start":{"line":9,"column":22},"end":{"line":9,"column":23}},"loc":{"start":{"line":9,"column":51},"end":{"line":12,"column":1}},"line":9}},"branchMap":{},"s":{"0":1,"1":1,"2":1,"3":1,"4":1,"5":1,"6":4,"7":4,"8":1},"f":{"0":1,"1":4},"b":{},"_coverageSchema":"1a1c01bbd47fc00a2c39e90264f33305004495a9","hash":"681d4dfe5e978843032987109ee73fae59c8751d"}
,"/home/kvartzweiss/Documents/3_5_Summer/GoPeer_Task/back/models/link.js": {"path":"/home/kvartzweiss/Documents/3_5_Summer/GoPeer_Task/back/models/link.js","statementMap":{"0":{"start":{"line":1,"column":17},"end":{"line":1,"column":36}},"1":{"start":{"line":2,"column":24},"end":{"line":2,"column":60}},"2":{"start":{"line":4,"column":19},"end":{"line":16,"column":2}},"3":{"start":{"line":18,"column":0},"end":{"line":18,"column":34}},"4":{"start":{"line":20,"column":0},"end":{"line":27,"column":2}},"5":{"start":{"line":22,"column":4},"end":{"line":22,"column":53}},"6":{"start":{"line":23,"column":4},"end":{"line":23,"column":29}},"7":{"start":{"line":24,"column":4},"end":{"line":24,"column":29}},"8":{"start":{"line":25,"column":4},"end":{"line":25,"column":38}},"9":{"start":{"line":29,"column":13},"end":{"line":29,"column":47}},"10":{"start":{"line":33,"column":0},"end":{"line":33,"column":21}}},"fnMap":{"0":{"name":"(anonymous_0)","decl":{"start":{"line":21,"column":13},"end":{"line":21,"column":14}},"loc":{"start":{"line":21,"column":43},"end":{"line":26,"column":3}},"line":21}},"branchMap":{},"s":{"0":1,"1":1,"2":1,"3":1,"4":1,"5":0,"6":0,"7":0,"8":0,"9":1,"10":1},"f":{"0":0},"b":{},"_coverageSchema":"1a1c01bbd47fc00a2c39e90264f33305004495a9","hash":"571554cc601ce7aa1499d1e65bfdcb43db440a89"}
,"/home/kvartzweiss/Documents/3_5_Summer/GoPeer_Task/back/models/user.js": {"path":"/home/kvartzweiss/Documents/3_5_Summer/GoPeer_Task/back/models/user.js","statementMap":{"0":{"start":{"line":1,"column":17},"end":{"line":1,"column":36}},"1":{"start":{"line":2,"column":24},"end":{"line":2,"column":60}},"2":{"start":{"line":4,"column":19},"end":{"line":18,"column":2}},"3":{"start":{"line":20,"column":0},"end":{"line":20,"column":34}},"4":{"start":{"line":22,"column":0},"end":{"line":29,"column":2}},"5":{"start":{"line":24,"column":4},"end":{"line":24,"column":53}},"6":{"start":{"line":25,"column":4},"end":{"line":25,"column":29}},"7":{"start":{"line":26,"column":4},"end":{"line":26,"column":29}},"8":{"start":{"line":27,"column":4},"end":{"line":27,"column":38}},"9":{"start":{"line":31,"column":13},"end":{"line":31,"column":47}},"10":{"start":{"line":33,"column":0},"end":{"line":33,"column":21}}},"fnMap":{"0":{"name":"(anonymous_0)","decl":{"start":{"line":23,"column":13},"end":{"line":23,"column":14}},"loc":{"start":{"line":23,"column":43},"end":{"line":28,"column":3}},"line":23}},"branchMap":{},"s":{"0":1,"1":1,"2":1,"3":1,"4":1,"5":13,"6":13,"7":13,"8":13,"9":1,"10":1},"f":{"0":13},"b":{},"_coverageSchema":"1a1c01bbd47fc00a2c39e90264f33305004495a9","hash":"d40d813acf730d99e336777808cce6b58ca2ad78"}
,"/home/kvartzweiss/Documents/3_5_Summer/GoPeer_Task/back/models/visit.js": {"path":"/home/kvartzweiss/Documents/3_5_Summer/GoPeer_Task/back/models/visit.js","statementMap":{"0":{"start":{"line":1,"column":17},"end":{"line":1,"column":36}},"1":{"start":{"line":3,"column":20},"end":{"line":12,"column":2}},"2":{"start":{"line":14,"column":0},"end":{"line":21,"column":2}},"3":{"start":{"line":16,"column":4},"end":{"line":16,"column":53}},"4":{"start":{"line":17,"column":4},"end":{"line":17,"column":29}},"5":{"start":{"line":18,"column":4},"end":{"line":18,"column":29}},"6":{"start":{"line":19,"column":4},"end":{"line":19,"column":38}},"7":{"start":{"line":23,"column":14},"end":{"line":23,"column":50}},"8":{"start":{"line":26,"column":0},"end":{"line":26,"column":22}}},"fnMap":{"0":{"name":"(anonymous_0)","decl":{"start":{"line":15,"column":13},"end":{"line":15,"column":14}},"loc":{"start":{"line":15,"column":43},"end":{"line":20,"column":3}},"line":15}},"branchMap":{},"s":{"0":1,"1":1,"2":1,"3":0,"4":0,"5":0,"6":0,"7":1,"8":1},"f":{"0":0},"b":{},"_coverageSchema":"1a1c01bbd47fc00a2c39e90264f33305004495a9","hash":"c3ad81880b290dd519e68f65a36689f7344b7363"}
,"/home/kvartzweiss/Documents/3_5_Summer/GoPeer_Task/back/services/linksService.js": {"path":"/home/kvartzweiss/Documents/3_5_Summer/GoPeer_Task/back/services/linksService.js","statementMap":{"0":{"start":{"line":1,"column":13},"end":{"line":1,"column":38}},"1":{"start":{"line":2,"column":14},"end":{"line":2,"column":40}},"2":{"start":{"line":3,"column":13},"end":{"line":3,"column":38}},"3":{"start":{"line":4,"column":12},"end":{"line":4,"column":35}},"4":{"start":{"line":6,"column":20},"end":{"line":6,"column":83}},"5":{"start":{"line":8,"column":28},"end":{"line":21,"column":1}},"6":{"start":{"line":9,"column":23},"end":{"line":9,"column":60}},"7":{"start":{"line":10,"column":2},"end":{"line":12,"column":3}},"8":{"start":{"line":11,"column":4},"end":{"line":11,"column":22}},"9":{"start":{"line":14,"column":15},"end":{"line":14,"column":55}},"10":{"start":{"line":16,"column":16},"end":{"line":18,"column":47}},"11":{"start":{"line":20,"column":2},"end":{"line":20,"column":35}},"12":{"start":{"line":23,"column":20},"end":{"line":37,"column":1}},"13":{"start":{"line":24,"column":15},"end":{"line":24,"column":53}},"14":{"start":{"line":26,"column":2},"end":{"line":36,"column":3}},"15":{"start":{"line":27,"column":18},"end":{"line":29,"column":6}},"16":{"start":{"line":30,"column":23},"end":{"line":30,"column":41}},"17":{"start":{"line":31,"column":4},"end":{"line":31,"column":51}},"18":{"start":{"line":32,"column":4},"end":{"line":32,"column":23}},"19":{"start":{"line":33,"column":4},"end":{"line":33,"column":27}},"20":{"start":{"line":35,"column":4},"end":{"line":35,"column":30}},"21":{"start":{"line":39,"column":19},"end":{"line":57,"column":1}},"22":{"start":{"line":40,"column":15},"end":{"line":40,"column":27}},"23":{"start":{"line":41,"column":23},"end":{"line":41,"column":68}},"24":{"start":{"line":42,"column":2},"end":{"line":44,"column":3}},"25":{"start":{"line":43,"column":4},"end":{"line":43,"column":22}},"26":{"start":{"line":45,"column":15},"end":{"line":45,"column":55}},"27":{"start":{"line":48,"column":15},"end":{"line":51,"column":4}},"28":{"start":{"line":53,"column":20},"end":{"line":53,"column":37}},"29":{"start":{"line":54,"column":2},"end":{"line":54,"column":46}},"30":{"start":{"line":55,"column":2},"end":{"line":55,"column":19}},"31":{"start":{"line":56,"column":2},"end":{"line":56,"column":39}},"32":{"start":{"line":59,"column":19},"end":{"line":69,"column":1}},"33":{"start":{"line":60,"column":23},"end":{"line":60,"column":61}},"34":{"start":{"line":61,"column":23},"end":{"line":61,"column":68}},"35":{"start":{"line":63,"column":2},"end":{"line":68,"column":3}},"36":{"start":{"line":64,"column":4},"end":{"line":64,"column":51}},"37":{"start":{"line":65,"column":4},"end":{"line":65,"column":100}},"38":{"start":{"line":67,"column":4},"end":{"line":67,"column":22}},"39":{"start":{"line":71,"column":0},"end":{"line":76,"column":1}}},"fnMap":{"0":{"name":"(anonymous_0)","decl":{"start":{"line":8,"column":28},"end":{"line":8,"column":29}},"loc":{"start":{"line":8,"column":45},"end":{"line":21,"column":1}},"line":8},"1":{"name":"(anonymous_1)","decl":{"start":{"line":23,"column":20},"end":{"line":23,"column":21}},"loc":{"start":{"line":23,"column":49},"end":{"line":37,"column":1}},"line":23},"2":{"name":"(anonymous_2)","decl":{"start":{"line":39,"column":19},"end":{"line":39,"column":20}},"loc":{"start":{"line":39,"column":38},"end":{"line":57,"column":1}},"line":39},"3":{"name":"(anonymous_3)","decl":{"start":{"line":59,"column":19},"end":{"line":59,"column":20}},"loc":{"start":{"line":59,"column":38},"end":{"line":69,"column":1}},"line":59}},"branchMap":{"0":{"loc":{"start":{"line":10,"column":2},"end":{"line":12,"column":3}},"type":"if","locations":[{"start":{"line":10,"column":2},"end":{"line":12,"column":3}},{"start":{"line":10,"column":2},"end":{"line":12,"column":3}}],"line":10},"1":{"loc":{"start":{"line":10,"column":5},"end":{"line":10,"column":35}},"type":"binary-expr","locations":[{"start":{"line":10,"column":5},"end":{"line":10,"column":11}},{"start":{"line":10,"column":15},"end":{"line":10,"column":35}}],"line":10},"2":{"loc":{"start":{"line":26,"column":2},"end":{"line":36,"column":3}},"type":"if","locations":[{"start":{"line":26,"column":2},"end":{"line":36,"column":3}},{"start":{"line":26,"column":2},"end":{"line":36,"column":3}}],"line":26},"3":{"loc":{"start":{"line":42,"column":2},"end":{"line":44,"column":3}},"type":"if","locations":[{"start":{"line":42,"column":2},"end":{"line":44,"column":3}},{"start":{"line":42,"column":2},"end":{"line":44,"column":3}}],"line":42},"4":{"loc":{"start":{"line":42,"column":5},"end":{"line":42,"column":43}},"type":"binary-expr","locations":[{"start":{"line":42,"column":5},"end":{"line":42,"column":19}},{"start":{"line":42,"column":23},"end":{"line":42,"column":43}}],"line":42},"5":{"loc":{"start":{"line":63,"column":2},"end":{"line":68,"column":3}},"type":"if","locations":[{"start":{"line":63,"column":2},"end":{"line":68,"column":3}},{"start":{"line":63,"column":2},"end":{"line":68,"column":3}}],"line":63}},"s":{"0":1,"1":1,"2":1,"3":1,"4":1,"5":1,"6":0,"7":0,"8":0,"9":0,"10":0,"11":0,"12":1,"13":0,"14":0,"15":0,"16":0,"17":0,"18":0,"19":0,"20":0,"21":1,"22":0,"23":0,"24":0,"25":0,"26":0,"27":0,"28":0,"29":0,"30":0,"31":0,"32":1,"33":0,"34":0,"35":0,"36":0,"37":0,"38":0,"39":1},"f":{"0":0,"1":0,"2":0,"3":0},"b":{"0":[0,0],"1":[0,0],"2":[0,0],"3":[0,0],"4":[0,0],"5":[0,0]},"_coverageSchema":"1a1c01bbd47fc00a2c39e90264f33305004495a9","hash":"d7d7cbfca5a6f20fbdb33532aa60e390c5b7f984"}
,"/home/kvartzweiss/Documents/3_5_Summer/GoPeer_Task/back/services/loginService.js": {"path":"/home/kvartzweiss/Documents/3_5_Summer/GoPeer_Task/back/services/loginService.js","statementMap":{"0":{"start":{"line":1,"column":12},"end":{"line":1,"column":35}},"1":{"start":{"line":2,"column":15},"end":{"line":2,"column":32}},"2":{"start":{"line":3,"column":13},"end":{"line":3,"column":38}},"3":{"start":{"line":5,"column":14},"end":{"line":25,"column":1}},"4":{"start":{"line":6,"column":15},"end":{"line":6,"column":27}},"5":{"start":{"line":8,"column":15},"end":{"line":8,"column":62}},"6":{"start":{"line":9,"column":26},"end":{"line":11,"column":60}},"7":{"start":{"line":13,"column":2},"end":{"line":15,"column":3}},"8":{"start":{"line":14,"column":4},"end":{"line":14,"column":78}},"9":{"start":{"line":17,"column":23},"end":{"line":20,"column":3}},"10":{"start":{"line":22,"column":16},"end":{"line":22,"column":58}},"11":{"start":{"line":24,"column":2},"end":{"line":24,"column":72}},"12":{"start":{"line":27,"column":0},"end":{"line":29,"column":1}}},"fnMap":{"0":{"name":"(anonymous_0)","decl":{"start":{"line":5,"column":14},"end":{"line":5,"column":15}},"loc":{"start":{"line":5,"column":33},"end":{"line":25,"column":1}},"line":5}},"branchMap":{"0":{"loc":{"start":{"line":9,"column":26},"end":{"line":11,"column":60}},"type":"cond-expr","locations":[{"start":{"line":10,"column":6},"end":{"line":10,"column":11}},{"start":{"line":11,"column":6},"end":{"line":11,"column":60}}],"line":9},"1":{"loc":{"start":{"line":13,"column":2},"end":{"line":15,"column":3}},"type":"if","locations":[{"start":{"line":13,"column":2},"end":{"line":15,"column":3}},{"start":{"line":13,"column":2},"end":{"line":15,"column":3}}],"line":13},"2":{"loc":{"start":{"line":13,"column":8},"end":{"line":13,"column":31}},"type":"binary-expr","locations":[{"start":{"line":13,"column":8},"end":{"line":13,"column":12}},{"start":{"line":13,"column":16},"end":{"line":13,"column":31}}],"line":13}},"s":{"0":1,"1":1,"2":1,"3":1,"4":2,"5":2,"6":2,"7":2,"8":1,"9":1,"10":1,"11":1,"12":1},"f":{"0":2},"b":{"0":[0,2],"1":[1,1],"2":[2,2]},"_coverageSchema":"1a1c01bbd47fc00a2c39e90264f33305004495a9","hash":"83a48e070fb9e2bb816934c4e2b41ce2fb522df9"}
,"/home/kvartzweiss/Documents/3_5_Summer/GoPeer_Task/back/services/routerHelperService.js": {"path":"/home/kvartzweiss/Documents/3_5_Summer/GoPeer_Task/back/services/routerHelperService.js","statementMap":{"0":{"start":{"line":1,"column":23},"end":{"line":12,"column":1}},"1":{"start":{"line":2,"column":2},"end":{"line":11,"column":3}},"2":{"start":{"line":3,"column":4},"end":{"line":6,"column":13}},"3":{"start":{"line":8,"column":4},"end":{"line":10,"column":27}},"4":{"start":{"line":14,"column":0},"end":{"line":16,"column":1}}},"fnMap":{"0":{"name":"(anonymous_0)","decl":{"start":{"line":1,"column":23},"end":{"line":1,"column":24}},"loc":{"start":{"line":1,"column":48},"end":{"line":12,"column":1}},"line":1}},"branchMap":{"0":{"loc":{"start":{"line":2,"column":2},"end":{"line":11,"column":3}},"type":"if","locations":[{"start":{"line":2,"column":2},"end":{"line":11,"column":3}},{"start":{"line":2,"column":2},"end":{"line":11,"column":3}}],"line":2}},"s":{"0":1,"1":6,"2":3,"3":3,"4":1},"f":{"0":6},"b":{"0":[3,3]},"_coverageSchema":"1a1c01bbd47fc00a2c39e90264f33305004495a9","hash":"a55a6ddf9f63bf4dada9c6da43989c66a75dc6c8"}
,"/home/kvartzweiss/Documents/3_5_Summer/GoPeer_Task/back/services/usersService.js": {"path":"/home/kvartzweiss/Documents/3_5_Summer/GoPeer_Task/back/services/usersService.js","statementMap":{"0":{"start":{"line":1,"column":13},"end":{"line":1,"column":38}},"1":{"start":{"line":2,"column":15},"end":{"line":2,"column":32}},"2":{"start":{"line":4,"column":19},"end":{"line":4,"column":20}},"3":{"start":{"line":6,"column":20},"end":{"line":9,"column":1}},"4":{"start":{"line":7,"column":16},"end":{"line":7,"column":78}},"5":{"start":{"line":8,"column":2},"end":{"line":8,"column":14}},"6":{"start":{"line":11,"column":16},"end":{"line":32,"column":1}},"7":{"start":{"line":12,"column":15},"end":{"line":12,"column":27}},"8":{"start":{"line":14,"column":2},"end":{"line":16,"column":3}},"9":{"start":{"line":15,"column":4},"end":{"line":15,"column":68}},"10":{"start":{"line":18,"column":21},"end":{"line":18,"column":23}},"11":{"start":{"line":19,"column":23},"end":{"line":19,"column":67}},"12":{"start":{"line":21,"column":15},"end":{"line":24,"column":4}},"13":{"start":{"line":26,"column":2},"end":{"line":31,"column":3}},"14":{"start":{"line":27,"column":22},"end":{"line":27,"column":39}},"15":{"start":{"line":28,"column":4},"end":{"line":28,"column":41}},"16":{"start":{"line":30,"column":4},"end":{"line":30,"column":73}},"17":{"start":{"line":34,"column":0},"end":{"line":37,"column":1}}},"fnMap":{"0":{"name":"(anonymous_0)","decl":{"start":{"line":6,"column":20},"end":{"line":6,"column":21}},"loc":{"start":{"line":6,"column":32},"end":{"line":9,"column":1}},"line":6},"1":{"name":"(anonymous_1)","decl":{"start":{"line":11,"column":16},"end":{"line":11,"column":17}},"loc":{"start":{"line":11,"column":35},"end":{"line":32,"column":1}},"line":11}},"branchMap":{"0":{"loc":{"start":{"line":14,"column":2},"end":{"line":16,"column":3}},"type":"if","locations":[{"start":{"line":14,"column":2},"end":{"line":16,"column":3}},{"start":{"line":14,"column":2},"end":{"line":16,"column":3}}],"line":14},"1":{"loc":{"start":{"line":14,"column":5},"end":{"line":14,"column":75}},"type":"binary-expr","locations":[{"start":{"line":14,"column":5},"end":{"line":14,"column":38}},{"start":{"line":14,"column":42},"end":{"line":14,"column":75}}],"line":14}},"s":{"0":1,"1":1,"2":1,"3":1,"4":1,"5":1,"6":1,"7":34,"8":34,"9":1,"10":33,"11":33,"12":33,"13":33,"14":33,"15":32,"16":1,"17":1},"f":{"0":1,"1":34},"b":{"0":[1,33],"1":[34,33]},"_coverageSchema":"1a1c01bbd47fc00a2c39e90264f33305004495a9","hash":"fea0653982dd6f73a183be40798db6e12d07d57c"}
,"/home/kvartzweiss/Documents/3_5_Summer/GoPeer_Task/back/tests/test_helper.js": {"path":"/home/kvartzweiss/Documents/3_5_Summer/GoPeer_Task/back/tests/test_helper.js","statementMap":{"0":{"start":{"line":1,"column":13},"end":{"line":1,"column":38}},"1":{"start":{"line":2,"column":13},"end":{"line":2,"column":38}},"2":{"start":{"line":3,"column":14},"end":{"line":3,"column":40}},"3":{"start":{"line":5,"column":21},"end":{"line":26,"column":1}},"4":{"start":{"line":28,"column":18},"end":{"line":31,"column":1}},"5":{"start":{"line":29,"column":16},"end":{"line":29,"column":35}},"6":{"start":{"line":30,"column":2},"end":{"line":30,"column":35}},"7":{"start":{"line":30,"column":24},"end":{"line":30,"column":34}},"8":{"start":{"line":33,"column":18},"end":{"line":36,"column":1}},"9":{"start":{"line":34,"column":16},"end":{"line":34,"column":35}},"10":{"start":{"line":35,"column":2},"end":{"line":35,"column":35}},"11":{"start":{"line":35,"column":24},"end":{"line":35,"column":34}},"12":{"start":{"line":38,"column":19},"end":{"line":41,"column":1}},"13":{"start":{"line":39,"column":17},"end":{"line":39,"column":37}},"14":{"start":{"line":40,"column":2},"end":{"line":40,"column":36}},"15":{"start":{"line":40,"column":25},"end":{"line":40,"column":35}},"16":{"start":{"line":43,"column":0},"end":{"line":48,"column":1}}},"fnMap":{"0":{"name":"(anonymous_0)","decl":{"start":{"line":28,"column":18},"end":{"line":28,"column":19}},"loc":{"start":{"line":28,"column":30},"end":{"line":31,"column":1}},"line":28},"1":{"name":"(anonymous_1)","decl":{"start":{"line":30,"column":19},"end":{"line":30,"column":20}},"loc":{"start":{"line":30,"column":24},"end":{"line":30,"column":34}},"line":30},"2":{"name":"(anonymous_2)","decl":{"start":{"line":33,"column":18},"end":{"line":33,"column":19}},"loc":{"start":{"line":33,"column":30},"end":{"line":36,"column":1}},"line":33},"3":{"name":"(anonymous_3)","decl":{"start":{"line":35,"column":19},"end":{"line":35,"column":20}},"loc":{"start":{"line":35,"column":24},"end":{"line":35,"column":34}},"line":35},"4":{"name":"(anonymous_4)","decl":{"start":{"line":38,"column":19},"end":{"line":38,"column":20}},"loc":{"start":{"line":38,"column":31},"end":{"line":41,"column":1}},"line":38},"5":{"name":"(anonymous_5)","decl":{"start":{"line":40,"column":20},"end":{"line":40,"column":21}},"loc":{"start":{"line":40,"column":25},"end":{"line":40,"column":35}},"line":40}},"branchMap":{},"s":{"0":1,"1":1,"2":1,"3":1,"4":1,"5":1,"6":1,"7":6,"8":1,"9":0,"10":0,"11":0,"12":1,"13":0,"14":0,"15":0,"16":1},"f":{"0":1,"1":6,"2":0,"3":0,"4":0,"5":0},"b":{},"_coverageSchema":"1a1c01bbd47fc00a2c39e90264f33305004495a9","hash":"936bfd0d974bbc6ff9807ee89e04b669fdeda155"}
,"/home/kvartzweiss/Documents/3_5_Summer/GoPeer_Task/back/utils/config.js": {"path":"/home/kvartzweiss/Documents/3_5_Summer/GoPeer_Task/back/utils/config.js","statementMap":{"0":{"start":{"line":1,"column":0},"end":{"line":1,"column":26}},"1":{"start":{"line":3,"column":13},"end":{"line":3,"column":29}},"2":{"start":{"line":4,"column":18},"end":{"line":4,"column":41}},"3":{"start":{"line":6,"column":0},"end":{"line":8,"column":1}},"4":{"start":{"line":7,"column":2},"end":{"line":7,"column":44}},"5":{"start":{"line":10,"column":0},"end":{"line":13,"column":1}}},"fnMap":{},"branchMap":{"0":{"loc":{"start":{"line":6,"column":0},"end":{"line":8,"column":1}},"type":"if","locations":[{"start":{"line":6,"column":0},"end":{"line":8,"column":1}},{"start":{"line":6,"column":0},"end":{"line":8,"column":1}}],"line":6}},"s":{"0":1,"1":1,"2":1,"3":1,"4":1,"5":1},"f":{},"b":{"0":[1,0]},"_coverageSchema":"1a1c01bbd47fc00a2c39e90264f33305004495a9","hash":"d386977e2a5dae940c24865e5d235208eb5d26d2"}
,"/home/kvartzweiss/Documents/3_5_Summer/GoPeer_Task/back/utils/logger.js": {"path":"/home/kvartzweiss/Documents/3_5_Summer/GoPeer_Task/back/utils/logger.js","statementMap":{"0":{"start":{"line":1,"column":13},"end":{"line":5,"column":1}},"1":{"start":{"line":2,"column":2},"end":{"line":4,"column":3}},"2":{"start":{"line":3,"column":4},"end":{"line":3,"column":26}},"3":{"start":{"line":7,"column":14},"end":{"line":11,"column":1}},"4":{"start":{"line":8,"column":2},"end":{"line":10,"column":3}},"5":{"start":{"line":9,"column":4},"end":{"line":9,"column":28}},"6":{"start":{"line":13,"column":0},"end":{"line":15,"column":1}}},"fnMap":{"0":{"name":"(anonymous_0)","decl":{"start":{"line":1,"column":13},"end":{"line":1,"column":14}},"loc":{"start":{"line":1,"column":28},"end":{"line":5,"column":1}},"line":1},"1":{"name":"(anonymous_1)","decl":{"start":{"line":7,"column":14},"end":{"line":7,"column":15}},"loc":{"start":{"line":7,"column":29},"end":{"line":11,"column":1}},"line":7}},"branchMap":{"0":{"loc":{"start":{"line":2,"column":2},"end":{"line":4,"column":3}},"type":"if","locations":[{"start":{"line":2,"column":2},"end":{"line":4,"column":3}},{"start":{"line":2,"column":2},"end":{"line":4,"column":3}}],"line":2},"1":{"loc":{"start":{"line":8,"column":2},"end":{"line":10,"column":3}},"type":"if","locations":[{"start":{"line":8,"column":2},"end":{"line":10,"column":3}},{"start":{"line":8,"column":2},"end":{"line":10,"column":3}}],"line":8}},"s":{"0":1,"1":30,"2":0,"3":1,"4":0,"5":0,"6":1},"f":{"0":30,"1":0},"b":{"0":[0,30],"1":[0,0]},"_coverageSchema":"1a1c01bbd47fc00a2c39e90264f33305004495a9","hash":"709e0f31f4f1681021fb100fc80e4d5ac9d0aad4"}
,"/home/kvartzweiss/Documents/3_5_Summer/GoPeer_Task/back/utils/middleware.js": {"path":"/home/kvartzweiss/Documents/3_5_Summer/GoPeer_Task/back/utils/middleware.js","statementMap":{"0":{"start":{"line":1,"column":15},"end":{"line":1,"column":34}},"1":{"start":{"line":3,"column":22},"end":{"line":9,"column":1}},"2":{"start":{"line":4,"column":2},"end":{"line":4,"column":40}},"3":{"start":{"line":5,"column":2},"end":{"line":5,"column":36}},"4":{"start":{"line":6,"column":2},"end":{"line":6,"column":37}},"5":{"start":{"line":7,"column":2},"end":{"line":7,"column":20}},"6":{"start":{"line":8,"column":2},"end":{"line":8,"column":8}},"7":{"start":{"line":11,"column":24},"end":{"line":13,"column":1}},"8":{"start":{"line":12,"column":2},"end":{"line":12,"column":58}},"9":{"start":{"line":15,"column":21},"end":{"line":27,"column":1}},"10":{"start":{"line":16,"column":2},"end":{"line":16,"column":29}},"11":{"start":{"line":18,"column":2},"end":{"line":26,"column":3}},"12":{"start":{"line":19,"column":4},"end":{"line":19,"column":66}},"13":{"start":{"line":20,"column":9},"end":{"line":26,"column":3}},"14":{"start":{"line":21,"column":4},"end":{"line":21,"column":62}},"15":{"start":{"line":22,"column":8},"end":{"line":26,"column":3}},"16":{"start":{"line":23,"column":4},"end":{"line":23,"column":60}},"17":{"start":{"line":25,"column":4},"end":{"line":25,"column":62}},"18":{"start":{"line":30,"column":0},"end":{"line":34,"column":1}}},"fnMap":{"0":{"name":"(anonymous_0)","decl":{"start":{"line":3,"column":22},"end":{"line":3,"column":23}},"loc":{"start":{"line":3,"column":51},"end":{"line":9,"column":1}},"line":3},"1":{"name":"(anonymous_1)","decl":{"start":{"line":11,"column":24},"end":{"line":11,"column":25}},"loc":{"start":{"line":11,"column":47},"end":{"line":13,"column":1}},"line":11},"2":{"name":"(anonymous_2)","decl":{"start":{"line":15,"column":21},"end":{"line":15,"column":22}},"loc":{"start":{"line":15,"column":51},"end":{"line":27,"column":1}},"line":15}},"branchMap":{"0":{"loc":{"start":{"line":18,"column":2},"end":{"line":26,"column":3}},"type":"if","locations":[{"start":{"line":18,"column":2},"end":{"line":26,"column":3}},{"start":{"line":18,"column":2},"end":{"line":26,"column":3}}],"line":18},"1":{"loc":{"start":{"line":20,"column":9},"end":{"line":26,"column":3}},"type":"if","locations":[{"start":{"line":20,"column":9},"end":{"line":26,"column":3}},{"start":{"line":20,"column":9},"end":{"line":26,"column":3}}],"line":20},"2":{"loc":{"start":{"line":22,"column":8},"end":{"line":26,"column":3}},"type":"if","locations":[{"start":{"line":22,"column":8},"end":{"line":26,"column":3}},{"start":{"line":22,"column":8},"end":{"line":26,"column":3}}],"line":22}},"s":{"0":1,"1":1,"2":7,"3":7,"4":7,"5":7,"6":7,"7":1,"8":0,"9":1,"10":0,"11":0,"12":0,"13":0,"14":0,"15":0,"16":0,"17":0,"18":1},"f":{"0":7,"1":0,"2":0},"b":{"0":[0,0],"1":[0,0],"2":[0,0]},"_coverageSchema":"1a1c01bbd47fc00a2c39e90264f33305004495a9","hash":"3232d6f9d549c450ebc71434a1148c554f34eee5"}
}
